<?xml version="1.0" encoding="UTF-8"?>
<testng-results ignored="0" total="1" passed="0" failed="0" skipped="1">
  <reporter-output>
  </reporter-output>
  <suite started-at="2022-11-21T15:25:12 IST" name="Default suite" finished-at="2022-11-21T15:25:12 IST" duration-ms="88">
    <groups>
    </groups>
    <test started-at="2022-11-21T15:25:12 IST" name="Default test" finished-at="2022-11-21T15:25:12 IST" duration-ms="88">
      <class name="com.teampractice.adminmodule.SelectAProductAndCheckOutAsAGuestTest">
        <test-method is-config="true" signature="beforeSuite()[pri:0, instance:com.teampractice.adminmodule.SelectAProductAndCheckOutAsAGuestTest@58695725]" started-at="2022-11-21T15:25:12 IST" name="beforeSuite" finished-at="2022-11-21T15:25:12 IST" duration-ms="12" status="PASS">
          <reporter-output>
          </reporter-output>
        </test-method> <!-- beforeSuite -->
        <test-method is-config="true" signature="beforeClass(java.lang.String)[pri:0, instance:com.teampractice.adminmodule.SelectAProductAndCheckOutAsAGuestTest@58695725]" started-at="2022-11-21T15:25:12 IST" name="beforeClass" finished-at="1970-01-01T05:30:00 IST" duration-ms="-1669024512896" status="FAIL">
          <exception class="org.testng.TestNGException">
            <message>
              <![CDATA[
Parameter 'Browser' is required by BeforeClass on method beforeClass but has not been marked @Optional or defined
in C:\Users\darsh\AppData\Local\Temp\testng-eclipse-1144264805\testng-customsuite.xml]]>
            </message>
            <full-stacktrace>
              <![CDATA[org.testng.TestNGException: 
Parameter 'Browser' is required by BeforeClass on method beforeClass but has not been marked @Optional or defined
in C:\Users\darsh\AppData\Local\Temp\testng-eclipse-1144264805\testng-customsuite.xml
at org.testng.internal.Parameters.createParams(Parameters.java:270)
at org.testng.internal.Parameters.createParametersForMethod(Parameters.java:358)
at org.testng.internal.Parameters.createParameters(Parameters.java:700)
at org.testng.internal.Parameters.createConfigurationParameters(Parameters.java:168)
at org.testng.internal.ConfigInvoker.invokeConfigurations(ConfigInvoker.java:302)
at org.testng.internal.TestMethodWorker.invokeBeforeClassMethods(TestMethodWorker.java:176)
at org.testng.internal.TestMethodWorker.run(TestMethodWorker.java:122)
at java.base/java.util.ArrayList.forEach(ArrayList.java:1511)
at org.testng.TestRunner.privateRun(TestRunner.java:794)
at org.testng.TestRunner.run(TestRunner.java:596)
at org.testng.SuiteRunner.runTest(SuiteRunner.java:377)
at org.testng.SuiteRunner.runSequentially(SuiteRunner.java:371)
at org.testng.SuiteRunner.privateRun(SuiteRunner.java:332)
at org.testng.SuiteRunner.run(SuiteRunner.java:276)
at org.testng.SuiteRunnerWorker.runSuite(SuiteRunnerWorker.java:53)
at org.testng.SuiteRunnerWorker.run(SuiteRunnerWorker.java:96)
at org.testng.TestNG.runSuitesSequentially(TestNG.java:1212)
at org.testng.TestNG.runSuitesLocally(TestNG.java:1134)
at org.testng.TestNG.runSuites(TestNG.java:1063)
at org.testng.TestNG.run(TestNG.java:1031)
at org.testng.remote.AbstractRemoteTestNG.run(AbstractRemoteTestNG.java:115)
at org.testng.remote.RemoteTestNG.initAndRun(RemoteTestNG.java:251)
at org.testng.remote.RemoteTestNG.main(RemoteTestNG.java:77)
]]>
            </full-stacktrace>
          </exception> <!-- org.testng.TestNGException -->
          <reporter-output>
          </reporter-output>
        </test-method> <!-- beforeClass -->
        <test-method is-config="true" signature="beforeMethod()[pri:0, instance:com.teampractice.adminmodule.SelectAProductAndCheckOutAsAGuestTest@58695725]" started-at="2022-11-21T15:25:12 IST" name="beforeMethod" finished-at="1970-01-01T05:30:00 IST" duration-ms="-1669024512933" status="SKIP">
          <reporter-output>
          </reporter-output>
        </test-method> <!-- beforeMethod -->
        <test-method signature="checkOutAsGuestTest()[pri:0, instance:com.teampractice.adminmodule.SelectAProductAndCheckOutAsAGuestTest@58695725]" started-at="2022-11-21T15:25:12 IST" name="checkOutAsGuestTest" finished-at="2022-11-21T15:25:12 IST" duration-ms="0" status="SKIP">
          <exception class="org.testng.TestNGException">
            <message>
              <![CDATA[
Parameter 'Browser' is required by BeforeClass on method beforeClass but has not been marked @Optional or defined
in C:\Users\darsh\AppData\Local\Temp\testng-eclipse-1144264805\testng-customsuite.xml]]>
            </message>
            <full-stacktrace>
              <![CDATA[org.testng.TestNGException: 
Parameter 'Browser' is required by BeforeClass on method beforeClass but has not been marked @Optional or defined
in C:\Users\darsh\AppData\Local\Temp\testng-eclipse-1144264805\testng-customsuite.xml
at org.testng.internal.Parameters.createParams(Parameters.java:270)
at org.testng.internal.Parameters.createParametersForMethod(Parameters.java:358)
at org.testng.internal.Parameters.createParameters(Parameters.java:700)
at org.testng.internal.Parameters.createConfigurationParameters(Parameters.java:168)
at org.testng.internal.ConfigInvoker.invokeConfigurations(ConfigInvoker.java:302)
at org.testng.internal.TestMethodWorker.invokeBeforeClassMethods(TestMethodWorker.java:176)
at org.testng.internal.TestMethodWorker.run(TestMethodWorker.java:122)
at java.base/java.util.ArrayList.forEach(ArrayList.java:1511)
at org.testng.TestRunner.privateRun(TestRunner.java:794)
at org.testng.TestRunner.run(TestRunner.java:596)
at org.testng.SuiteRunner.runTest(SuiteRunner.java:377)
at org.testng.SuiteRunner.runSequentially(SuiteRunner.java:371)
at org.testng.SuiteRunner.privateRun(SuiteRunner.java:332)
at org.testng.SuiteRunner.run(SuiteRunner.java:276)
at org.testng.SuiteRunnerWorker.runSuite(SuiteRunnerWorker.java:53)
at org.testng.SuiteRunnerWorker.run(SuiteRunnerWorker.java:96)
at org.testng.TestNG.runSuitesSequentially(TestNG.java:1212)
at org.testng.TestNG.runSuitesLocally(TestNG.java:1134)
at org.testng.TestNG.runSuites(TestNG.java:1063)
at org.testng.TestNG.run(TestNG.java:1031)
at org.testng.remote.AbstractRemoteTestNG.run(AbstractRemoteTestNG.java:115)
at org.testng.remote.RemoteTestNG.initAndRun(RemoteTestNG.java:251)
at org.testng.remote.RemoteTestNG.main(RemoteTestNG.java:77)
]]>
            </full-stacktrace>
          </exception> <!-- org.testng.TestNGException -->
          <reporter-output>
          </reporter-output>
        </test-method> <!-- checkOutAsGuestTest -->
        <test-method is-config="true" signature="afterMethod()[pri:0, instance:com.teampractice.adminmodule.SelectAProductAndCheckOutAsAGuestTest@58695725]" started-at="2022-11-21T15:25:12 IST" name="afterMethod" finished-at="1970-01-01T05:30:00 IST" duration-ms="-1669024512947" status="SKIP">
          <reporter-output>
          </reporter-output>
        </test-method> <!-- afterMethod -->
        <test-method is-config="true" signature="afterClass()[pri:0, instance:com.teampractice.adminmodule.SelectAProductAndCheckOutAsAGuestTest@58695725]" started-at="2022-11-21T15:25:12 IST" name="afterClass" finished-at="1970-01-01T05:30:00 IST" duration-ms="-1669024512952" status="SKIP">
          <reporter-output>
          </reporter-output>
        </test-method> <!-- afterClass -->
        <test-method is-config="true" signature="afterSuite()[pri:0, instance:com.teampractice.adminmodule.SelectAProductAndCheckOutAsAGuestTest@58695725]" started-at="2022-11-21T15:25:13 IST" name="afterSuite" finished-at="2022-11-21T15:25:13 IST" duration-ms="0" status="PASS">
          <reporter-output>
          </reporter-output>
        </test-method> <!-- afterSuite -->
      </class> <!-- com.teampractice.adminmodule.SelectAProductAndCheckOutAsAGuestTest -->
    </test> <!-- Default test -->
  </suite> <!-- Default suite -->
</testng-results>
